[debug] [2021-01-20T17:38:44.566Z] ----------------------------------------------------------------------
[debug] [2021-01-20T17:38:44.574Z] Command:       /usr/bin/node /usr/local/bin/firebase deploy
[debug] [2021-01-20T17:38:44.575Z] CLI Version:   9.2.1
[debug] [2021-01-20T17:38:44.575Z] Platform:      linux
[debug] [2021-01-20T17:38:44.575Z] Node Version:  v12.18.2
[debug] [2021-01-20T17:38:44.576Z] Time:          Wed Jan 20 2021 23:08:44 GMT+0530 (India Standard Time)
[debug] [2021-01-20T17:38:44.576Z] ----------------------------------------------------------------------
[debug] [2021-01-20T17:38:44.577Z] 
[debug] [2021-01-20T17:38:44.595Z] > command requires scopes: ["email","openid","https://www.googleapis.com/auth/cloudplatformprojects.readonly","https://www.googleapis.com/auth/firebase","https://www.googleapis.com/auth/cloud-platform"]
[debug] [2021-01-20T17:38:44.596Z] > authorizing via signed-in user
[debug] [2021-01-20T17:38:44.596Z] [iam] checking project challenge-17a77 for permissions ["firebase.projects.get","firebasehosting.sites.update"]
[debug] [2021-01-20T17:38:44.604Z] > refreshing access token with scopes: ["email","https://www.googleapis.com/auth/cloud-platform","https://www.googleapis.com/auth/cloudplatformprojects.readonly","https://www.googleapis.com/auth/firebase","openid"]
[debug] [2021-01-20T17:38:44.605Z] >>> HTTP REQUEST POST https://www.googleapis.com/oauth2/v3/token  
 <request body omitted>
[debug] [2021-01-20T17:38:48.709Z] <<< HTTP RESPONSE 200 {"cache-control":"no-cache, no-store, max-age=0, must-revalidate","expires":"Mon, 01 Jan 1990 00:00:00 GMT","pragma":"no-cache","date":"Wed, 20 Jan 2021 17:38:48 GMT","content-type":"application/json; charset=utf-8","vary":"X-Origin, Referer, Origin,Accept-Encoding","server":"scaffolding on HTTPServer2","x-xss-protection":"0","x-frame-options":"SAMEORIGIN","x-content-type-options":"nosniff","alt-svc":"h3-29=\":443\"; ma=2592000,h3-T051=\":443\"; ma=2592000,h3-Q050=\":443\"; ma=2592000,h3-Q046=\":443\"; ma=2592000,h3-Q043=\":443\"; ma=2592000,quic=\":443\"; ma=2592000; v=\"46,43\"","accept-ranges":"none","transfer-encoding":"chunked"}
[debug] [2021-01-20T17:38:48.760Z] >>> HTTP REQUEST POST https://cloudresourcemanager.googleapis.com/v1/projects/challenge-17a77:testIamPermissions  
 {"permissions":["firebase.projects.get","firebasehosting.sites.update"]}
[debug] [2021-01-20T17:38:50.630Z] <<< HTTP RESPONSE 200 {"content-type":"application/json; charset=UTF-8","vary":"X-Origin, Referer, Origin,Accept-Encoding","date":"Wed, 20 Jan 2021 17:38:50 GMT","server":"ESF","cache-control":"private","x-xss-protection":"0","x-frame-options":"SAMEORIGIN","x-content-type-options":"nosniff","server-timing":"gfet4t7; dur=1343","alt-svc":"h3-29=\":443\"; ma=2592000,h3-T051=\":443\"; ma=2592000,h3-Q050=\":443\"; ma=2592000,h3-Q046=\":443\"; ma=2592000,h3-Q043=\":443\"; ma=2592000,quic=\":443\"; ma=2592000; v=\"46,43\"","accept-ranges":"none","transfer-encoding":"chunked"}
[debug] [2021-01-20T17:38:50.637Z] > refreshing access token with scopes: []
[debug] [2021-01-20T17:38:50.638Z] >>> HTTP REQUEST POST https://www.googleapis.com/oauth2/v3/token  
 <request body omitted>
[debug] [2021-01-20T17:38:51.038Z] <<< HTTP RESPONSE 200 {"pragma":"no-cache","expires":"Mon, 01 Jan 1990 00:00:00 GMT","cache-control":"no-cache, no-store, max-age=0, must-revalidate","date":"Wed, 20 Jan 2021 17:38:50 GMT","content-type":"application/json; charset=utf-8","vary":"X-Origin, Referer, Origin,Accept-Encoding","server":"scaffolding on HTTPServer2","x-xss-protection":"0","x-frame-options":"SAMEORIGIN","x-content-type-options":"nosniff","alt-svc":"h3-29=\":443\"; ma=2592000,h3-T051=\":443\"; ma=2592000,h3-Q050=\":443\"; ma=2592000,h3-Q046=\":443\"; ma=2592000,h3-Q043=\":443\"; ma=2592000,quic=\":443\"; ma=2592000; v=\"46,43\"","accept-ranges":"none","transfer-encoding":"chunked"}
[debug] [2021-01-20T17:38:51.097Z] >>> [apiv2][query] GET https://firebase.googleapis.com/v1beta1/projects/challenge-17a77 [none]
[debug] [2021-01-20T17:38:51.708Z] <<< [apiv2][status] GET https://firebase.googleapis.com/v1beta1/projects/challenge-17a77 200
[debug] [2021-01-20T17:38:51.708Z] <<< [apiv2][body] GET https://firebase.googleapis.com/v1beta1/projects/challenge-17a77 {"projectId":"challenge-17a77","projectNumber":"793046688210","displayName":"amazon-challenge","name":"projects/challenge-17a77","resources":{"hostingSite":"challenge-17a77"},"state":"ACTIVE"}
[info] 
[info] === Deploying to 'challenge-17a77'...
[info] 
[info] i  deploying hosting 
[debug] [2021-01-20T17:38:51.720Z] > refreshing access token with scopes: ["email","https://www.googleapis.com/auth/cloud-platform","https://www.googleapis.com/auth/cloudplatformprojects.readonly","https://www.googleapis.com/auth/firebase","openid"]
[debug] [2021-01-20T17:38:51.720Z] >>> HTTP REQUEST POST https://www.googleapis.com/oauth2/v3/token  
 <request body omitted>
[debug] [2021-01-20T17:38:52.163Z] <<< HTTP RESPONSE 200 {"expires":"Mon, 01 Jan 1990 00:00:00 GMT","date":"Wed, 20 Jan 2021 17:38:52 GMT","pragma":"no-cache","cache-control":"no-cache, no-store, max-age=0, must-revalidate","content-type":"application/json; charset=utf-8","vary":"X-Origin, Referer, Origin,Accept-Encoding","server":"scaffolding on HTTPServer2","x-xss-protection":"0","x-frame-options":"SAMEORIGIN","x-content-type-options":"nosniff","alt-svc":"h3-29=\":443\"; ma=2592000,h3-T051=\":443\"; ma=2592000,h3-Q050=\":443\"; ma=2592000,h3-Q046=\":443\"; ma=2592000,h3-Q043=\":443\"; ma=2592000,quic=\":443\"; ma=2592000; v=\"46,43\"","accept-ranges":"none","transfer-encoding":"chunked"}
[debug] [2021-01-20T17:38:52.214Z] >>> HTTP REQUEST POST https://firebasehosting.googleapis.com/v1beta1/sites/challenge-17a77/versions  
 {"config":{"rewrites":[{"glob":"**","path":"/index.html"}]},"labels":{"deployment-tool":"cli-firebase"}}
[debug] [2021-01-20T17:38:53.289Z] <<< HTTP RESPONSE 200 {"content-type":"application/json; charset=UTF-8","vary":"X-Origin, Referer, Origin,Accept-Encoding","date":"Wed, 20 Jan 2021 17:38:53 GMT","server":"ESF","cache-control":"private","x-xss-protection":"0","x-frame-options":"SAMEORIGIN","x-content-type-options":"nosniff","alt-svc":"h3-29=\":443\"; ma=2592000,h3-T051=\":443\"; ma=2592000,h3-Q050=\":443\"; ma=2592000,h3-Q046=\":443\"; ma=2592000,h3-Q043=\":443\"; ma=2592000,quic=\":443\"; ma=2592000; v=\"46,43\"","accept-ranges":"none","transfer-encoding":"chunked"}
[info] i  hosting[challenge-17a77]: beginning deploy... 
[info] i  hosting[challenge-17a77]: found 18 files in build 
[debug] [2021-01-20T17:38:53.336Z] > refreshing access token with scopes: []
[debug] [2021-01-20T17:38:53.337Z] >>> HTTP REQUEST POST https://www.googleapis.com/oauth2/v3/token  
 <request body omitted>
[debug] [2021-01-20T17:38:53.339Z] [hosting] hash cache [YnVpbGQ] stored for 18 files
[debug] [2021-01-20T17:38:53.340Z] [hosting][hash queue][FINAL] {"max":5,"min":1,"avg":1,"active":0,"complete":18,"success":18,"errored":0,"retried":0,"total":18,"elapsed":14}
[debug] [2021-01-20T17:38:53.880Z] <<< HTTP RESPONSE 200 {"expires":"Mon, 01 Jan 1990 00:00:00 GMT","date":"Wed, 20 Jan 2021 17:38:53 GMT","cache-control":"no-cache, no-store, max-age=0, must-revalidate","pragma":"no-cache","content-type":"application/json; charset=utf-8","vary":"X-Origin, Referer, Origin,Accept-Encoding","server":"scaffolding on HTTPServer2","x-xss-protection":"0","x-frame-options":"SAMEORIGIN","x-content-type-options":"nosniff","alt-svc":"h3-29=\":443\"; ma=2592000,h3-T051=\":443\"; ma=2592000,h3-Q050=\":443\"; ma=2592000,h3-Q046=\":443\"; ma=2592000,h3-Q043=\":443\"; ma=2592000,quic=\":443\"; ma=2592000; v=\"46,43\"","accept-ranges":"none","transfer-encoding":"chunked"}
[debug] [2021-01-20T17:38:53.915Z] >>> [apiv2][query] POST https://firebasehosting.googleapis.com/v1beta1/sites/challenge-17a77/versions/eaa6d410818d67d2:populateFiles [none]
[debug] [2021-01-20T17:38:53.916Z] >>> [apiv2][body] POST https://firebasehosting.googleapis.com/v1beta1/sites/challenge-17a77/versions/eaa6d410818d67d2:populateFiles {"files":{"/asset-manifest.json":"bd8b614524038b152e97033b8205183bf876a6d55eddd22f1a1ae2d3bfa74830","/favicon.ico":"c599b7a91ab3627e3538125d9f40adc2d4bf949046984262670545dc7738af06","/index.html":"ed8c0c37c816fa8e3211815ee684f99b3c5cb30ead7b762dd7ce2c1e1ea4e576","/logo192.png":"76c449ccb9cd117c2f2338f091b18f7050f3210e249b2228f5c81b23f34377cd","/logo512.png":"7779210d56c1f3741e2e487799fe3092def4fa6ac450a60532b807c3a8971205","/manifest.json":"0958a5e0c831126100c8c2d06a6bbaa665a3900f21aaff4130238a6f5a113aa1","/robots.txt":"2544ca049f223a42bff01f72ad930a5edba75bbb7199d0f8430a02ff5aca16ec","/static/css/main.6f95e8fb.chunk.css":"9a06ffbde9524fd2c4f337b73f26f5d85d7523a1b4ac05527ba1e8755deaa111","/static/css/main.6f95e8fb.chunk.css.map":"ebc9bb0c2cf85f3a5ba8a4307d48e2b22133c8b558e4ea631f91d11cd8a49e35","/static/js/2.2aba7708.chunk.js":"33ee85a499ff11be57518148709b5d23c8d1315f651a7f393e201d6dcca4e524","/static/js/2.2aba7708.chunk.js.LICENSE.txt":"be3d091441dc3a51587eae8eafd9334c4697156c9d871b4073333fd282427d7d","/static/js/2.2aba7708.chunk.js.map":"cf706c4e48c08affc0937e25dad99f9a2866ce9078598061f3c81b59509d9365","/static/js/3.12c99f2e.chunk.js":"9179d747c84d4821ce59f9353f00577eb07b102cc88c93cb672f6e351a3a7fe0","/static/js/3.12c99f2e.chunk.js.map":"27ca5e9550ef0b54f729e79232cd3a91fdba7f547c51de9a873b91bfb44b3575","/static/js/main.a6811a11.chunk.js":"3a446c778c35da73bb646d8da3445d6d611cf8c8bac1d0b1bb415106afdb81e1","/static/js/main.a6811a11.chunk.js.map":"50d9b83ea628e3d77bfab5169f4940bbc15e4b8a58d16d2fb3282ee35646233d","/static/js/runtime-main.2e23f41a.js":"27467331524440939dbae916314a857319535485ba4a7dd961084c270c180367","/static/js/runtime-main.2e23f41a.js.map":"8de1de2bc4bfd8b3f72aec3e6fbcc89a14d91abe3657fc07ebd678cd21cb6ba2"}}
[debug] [2021-01-20T17:38:56.169Z] <<< [apiv2][status] POST https://firebasehosting.googleapis.com/v1beta1/sites/challenge-17a77/versions/eaa6d410818d67d2:populateFiles 200
[debug] [2021-01-20T17:38:56.169Z] <<< [apiv2][body] POST https://firebasehosting.googleapis.com/v1beta1/sites/challenge-17a77/versions/eaa6d410818d67d2:populateFiles {"uploadRequiredHashes":["cf706c4e48c08affc0937e25dad99f9a2866ce9078598061f3c81b59509d9365","33ee85a499ff11be57518148709b5d23c8d1315f651a7f393e201d6dcca4e524"],"uploadUrl":"https://upload-firebasehosting.googleapis.com/upload/sites/challenge-17a77/versions/eaa6d410818d67d2/files"}
[debug] [2021-01-20T17:38:56.176Z] >>> [apiv2][query] POST https://upload-firebasehosting.googleapis.com/upload/sites/challenge-17a77/versions/eaa6d410818d67d2/files/cf706c4e48c08affc0937e25dad99f9a2866ce9078598061f3c81b59509d9365 [none]
[debug] [2021-01-20T17:38:56.177Z] >>> [apiv2][body] POST https://upload-firebasehosting.googleapis.com/upload/sites/challenge-17a77/versions/eaa6d410818d67d2/files/cf706c4e48c08affc0937e25dad99f9a2866ce9078598061f3c81b59509d9365 [stream]
[debug] [2021-01-20T17:38:56.182Z] >>> [apiv2][query] POST https://upload-firebasehosting.googleapis.com/upload/sites/challenge-17a77/versions/eaa6d410818d67d2/files/33ee85a499ff11be57518148709b5d23c8d1315f651a7f393e201d6dcca4e524 [none]
[debug] [2021-01-20T17:38:56.182Z] >>> [apiv2][body] POST https://upload-firebasehosting.googleapis.com/upload/sites/challenge-17a77/versions/eaa6d410818d67d2/files/33ee85a499ff11be57518148709b5d23c8d1315f651a7f393e201d6dcca4e524 [stream]
[debug] [2021-01-20T17:38:56.186Z] [hosting][populate queue][FINAL] {"max":2842,"min":2842,"avg":2842,"active":0,"complete":1,"success":1,"errored":0,"retried":0,"total":1,"elapsed":2852}
[debug] [2021-01-20T17:38:56.187Z] [hosting] uploads queued: 2
[debug] [2021-01-20T17:39:26.585Z] [uploadQueue] Retrying task 33ee85a499ff11be57518148709b5d23c8d1315f651a7f393e201d6dcca4e524
[debug] [2021-01-20T17:39:26.587Z] >>> [apiv2][query] POST https://upload-firebasehosting.googleapis.com/upload/sites/challenge-17a77/versions/eaa6d410818d67d2/files/33ee85a499ff11be57518148709b5d23c8d1315f651a7f393e201d6dcca4e524 [none]
[debug] [2021-01-20T17:39:26.588Z] >>> [apiv2][body] POST https://upload-firebasehosting.googleapis.com/upload/sites/challenge-17a77/versions/eaa6d410818d67d2/files/33ee85a499ff11be57518148709b5d23c8d1315f651a7f393e201d6dcca4e524 [stream]
